==8583== Memcheck, a memory error detector
==8583== Copyright (C) 2002-2022, and GNU GPL'd, by Julian Seward et al.
==8583== Using Valgrind-3.22.0 and LibVEX; rerun with -h for copyright info
==8583== Command: pw.x
==8583== 
hwloc x86 backend cannot work under Valgrind, disabling.
May be reenabled by dumping CPUIDs with hwloc-gather-cpuid
and reloading them under Valgrind with HWLOC_CPUID_PATH.
hwloc x86 backend cannot work under Valgrind, disabling.
May be reenabled by dumping CPUIDs with hwloc-gather-cpuid
and reloading them under Valgrind with HWLOC_CPUID_PATH.
*** buffer overflow detected ***: terminated

Program received signal SIGABRT: Process abort signal.

Backtrace for this error:
#0  0x582de59 in ???
#1  0x582ce75 in ???
#2  0x5d7f32f in ???
	at ./signal/../sysdeps/unix/sysv/linux/x86_64/libc_sigaction.c:0
#3  0x5dd8b2c in __pthread_kill_implementation
	at ./nptl/pthread_kill.c:44
#4  0x5dd8b2c in __pthread_kill_internal
	at ./nptl/pthread_kill.c:78
#5  0x5dd8b2c in __GI___pthread_kill
	at ./nptl/pthread_kill.c:89
#6  0x5d7f27d in __GI_raise
	at ../sysdeps/posix/raise.c:26
#7  0x5d628fe in __GI_abort
	at ./stdlib/abort.c:79
#8  0x5d637b5 in __libc_message_impl
	at ../sysdeps/posix/libc_fatal.c:134
#9  0x5e70c18 in __GI___fortify_fail
	at ./debug/fortify_fail.c:24
#10  0x5e705d3 in __GI___chk_fail
	at ./debug/chk_fail.c:28
#11  0x5e71db4 in ___snprintf_chk
	at ./debug/snprintf_chk.c:29
#12  0x41896e in ???
#13  0x2361d7 in ???
#14  0x29a007 in ???
#15  0x11a0c7 in ???
#16  0x118f22 in ???
#17  0x5d641c9 in __libc_start_call_main
	at ../sysdeps/nptl/libc_start_call_main.h:58
#18  0x5d6428a in __libc_start_main_impl
	at ../csu/libc-start.c:360
#19  0x118f54 in ???
#20  0xffffffffffffffff in ???
==8583== 
==8583== Process terminating with default action of signal 6 (SIGABRT)
==8583==    at 0x5DD8B2C: __pthread_kill_implementation (pthread_kill.c:44)
==8583==    by 0x5DD8B2C: __pthread_kill_internal (pthread_kill.c:78)
==8583==    by 0x5DD8B2C: pthread_kill@@GLIBC_2.34 (pthread_kill.c:89)
==8583==    by 0x5D7F27D: raise (raise.c:26)
==8583==    by 0x5D628FE: abort (abort.c:79)
==8583==    by 0x5D637B5: __libc_message_impl.cold (libc_fatal.c:134)
==8583==    by 0x5E70C18: __fortify_fail (fortify_fail.c:24)
==8583==    by 0x5E705D3: __chk_fail (chk_fail.c:28)
==8583==    by 0x5E71DB4: __snprintf_chk (snprintf_chk.c:29)
==8583==    by 0x41896E: ??? (in /usr/bin/pw.x)
==8583==    by 0x2361D7: ??? (in /usr/bin/pw.x)
==8583==    by 0x29A007: ??? (in /usr/bin/pw.x)
==8583==    by 0x11A0C7: ??? (in /usr/bin/pw.x)
==8583==    by 0x118F22: ??? (in /usr/bin/pw.x)
==8583== 
==8583== HEAP SUMMARY:
==8583==     in use at exit: 7,270,295 bytes in 29,380 blocks
==8583==   total heap usage: 176,632 allocs, 147,252 frees, 1,821,215,107 bytes allocated
==8583== 
==8583== LEAK SUMMARY:
==8583==    definitely lost: 403 bytes in 15 blocks
==8583==    indirectly lost: 89 bytes in 4 blocks
==8583==      possibly lost: 5,304 bytes in 5 blocks
==8583==    still reachable: 7,264,499 bytes in 29,356 blocks
==8583==         suppressed: 0 bytes in 0 blocks
==8583== Rerun with --leak-check=full to see details of leaked memory
==8583== 
==8583== For lists of detected and suppressed errors, rerun with: -s
==8583== ERROR SUMMARY: 0 errors from 0 contexts (suppressed: 0 from 0)
